        -:    0:Source:TestCollatz.c++
        -:    0:Graph:TestCollatz.gcno
        -:    0:Data:TestCollatz.gcda
        -:    0:Runs:1
        -:    0:Programs:1
        -:    1:// --------------------------------
        -:    2:// projects/collatz/TestCollatz.c++
        -:    3:// Copyright (C) 2016
        -:    4:// Glenn P. Downing
        -:    5:// --------------------------------
        -:    6:
        -:    7:// https://code.google.com/p/googletest/wiki/V1_7_Primer#Basic_Assertions
        -:    8:
        -:    9:// --------
        -:   10:// includes
        -:   11:// --------
        -:   12:
        -:   13:#include <iostream> // cout, endl
        -:   14:#include <sstream>  // istringtstream, ostringstream
        -:   15:#include <string>   // string
        -:   16:#include <utility>  // pair
        -:   17:
        -:   18:#include "gtest/gtest.h"
        -:   19:
        -:   20:#include "Collatz.h"
        -:   21:
        -:   22:using namespace std;
        -:   23:
        -:   24:// -----------
        -:   25:// TestCollatz
        -:   26:// -----------
        -:   27:
function _ZN28CollatzFixture_c_length_TestD0Ev called 1 returned 100% blocks executed 100%
function _ZN28CollatzFixture_c_length_TestD2Ev called 1 returned 100% blocks executed 75%
function _ZN28CollatzFixture_c_length_Test8TestBodyEv called 1 returned 100% blocks executed 41%
function _ZN28CollatzFixture_c_length_TestC2Ev called 1 returned 100% blocks executed 100%
        5:   28:TEST(CollatzFixture, c_length) {
call    0 returned 100%
call    1 returned 100%
call    2 returned 100%
call    3 returned 100%
call    4 returned 100%
call    5 returned 100%
call    6 returned 100%
branch  7 taken 0% (fallthrough)
branch  8 taken 100%
call    9 never executed
call   10 returned 100%
        1:   29:    const int v = cycle_length(5);
call    0 returned 100%
branch  1 taken 100% (fallthrough)
branch  2 taken 0% (throw)
        1:   30:    ASSERT_EQ(6, v);}
call    0 returned 100%
branch  1 taken 100% (fallthrough)
branch  2 taken 0% (throw)
call    3 returned 100%
branch  4 taken 0% (fallthrough)
branch  5 taken 100%
call    6 never executed
branch  7 never executed
branch  8 never executed
call    9 never executed
branch 10 never executed
branch 11 never executed
call   12 never executed
branch 13 never executed
branch 14 never executed
call   15 never executed
branch 16 never executed
branch 17 never executed
call   18 never executed
call   19 never executed
call   20 returned 100%
branch 21 taken 100%
branch 22 taken 0%
call   23 never executed
call   24 never executed
call   25 never executed
        -:   31:
        -:   32:// ----
        -:   33:// read
        -:   34:// ----
        -:   35:
function _ZN24CollatzFixture_read_TestD0Ev called 1 returned 100% blocks executed 100%
function _ZN24CollatzFixture_read_TestD2Ev called 1 returned 100% blocks executed 75%
function _ZN24CollatzFixture_read_Test8TestBodyEv called 1 returned 100% blocks executed 40%
function _ZN24CollatzFixture_read_TestC2Ev called 1 returned 100% blocks executed 100%
        5:   36:TEST(CollatzFixture, read) {
call    0 returned 100%
call    1 returned 100%
call    2 returned 100%
call    3 returned 100%
call    4 returned 100%
call    5 returned 100%
call    6 returned 100%
branch  7 taken 0% (fallthrough)
branch  8 taken 100%
call    9 never executed
call   10 returned 100%
        1:   37:    string s("1 10\n");
call    0 returned 100%
call    1 returned 100%
branch  2 taken 100% (fallthrough)
branch  3 taken 0% (throw)
call    4 returned 100%
        1:   38:    const pair<int, int> p = collatz_read(s);
call    0 returned 100%
branch  1 taken 100% (fallthrough)
branch  2 taken 0% (throw)
        1:   39:    ASSERT_EQ( 1, p.first);
call    0 returned 100%
branch  1 taken 100% (fallthrough)
branch  2 taken 0% (throw)
call    3 returned 100%
branch  4 taken 0% (fallthrough)
branch  5 taken 100%
call    6 never executed
branch  7 never executed
branch  8 never executed
call    9 never executed
branch 10 never executed
branch 11 never executed
call   12 never executed
branch 13 never executed
branch 14 never executed
call   15 never executed
branch 16 never executed
branch 17 never executed
call   18 never executed
call   19 never executed
call   20 returned 100%
branch 21 taken 100%
branch 22 taken 0%
call   23 never executed
call   24 never executed
call   25 never executed
        1:   40:    ASSERT_EQ(10, p.second);}
call    0 returned 100%
branch  1 taken 100% (fallthrough)
branch  2 taken 0% (throw)
call    3 returned 100%
branch  4 taken 0% (fallthrough)
branch  5 taken 100%
call    6 never executed
branch  7 never executed
branch  8 never executed
call    9 never executed
branch 10 never executed
branch 11 never executed
call   12 never executed
branch 13 never executed
branch 14 never executed
call   15 never executed
branch 16 never executed
branch 17 never executed
call   18 never executed
call   19 never executed
call   20 returned 100%
branch 21 taken 100%
branch 22 taken 0%
call   23 returned 100%
branch 24 taken 100%
branch 25 taken 0%
call   26 never executed
call   27 never executed
call   28 never executed
call   29 never executed
call   30 never executed
        -:   41:
function _ZN25CollatzFixture_zeros_TestD0Ev called 1 returned 100% blocks executed 100%
function _ZN25CollatzFixture_zeros_TestD2Ev called 1 returned 100% blocks executed 75%
function _ZN25CollatzFixture_zeros_Test8TestBodyEv called 1 returned 100% blocks executed 40%
function _ZN25CollatzFixture_zeros_TestC2Ev called 1 returned 100% blocks executed 100%
        5:   42:TEST(CollatzFixture, zeros) {
call    0 returned 100%
call    1 returned 100%
call    2 returned 100%
call    3 returned 100%
call    4 returned 100%
call    5 returned 100%
call    6 returned 100%
branch  7 taken 0% (fallthrough)
branch  8 taken 100%
call    9 never executed
call   10 returned 100%
        1:   43:    string s("0 0\n");
call    0 returned 100%
call    1 returned 100%
branch  2 taken 100% (fallthrough)
branch  3 taken 0% (throw)
call    4 returned 100%
        1:   44:    const pair<int, int> p = collatz_read(s);
call    0 returned 100%
branch  1 taken 100% (fallthrough)
branch  2 taken 0% (throw)
        1:   45:    ASSERT_EQ( 0, p.first);
call    0 returned 100%
branch  1 taken 100% (fallthrough)
branch  2 taken 0% (throw)
call    3 returned 100%
branch  4 taken 0% (fallthrough)
branch  5 taken 100%
call    6 never executed
branch  7 never executed
branch  8 never executed
call    9 never executed
branch 10 never executed
branch 11 never executed
call   12 never executed
branch 13 never executed
branch 14 never executed
call   15 never executed
branch 16 never executed
branch 17 never executed
call   18 never executed
call   19 never executed
call   20 returned 100%
branch 21 taken 100%
branch 22 taken 0%
call   23 never executed
call   24 never executed
call   25 never executed
        1:   46:    ASSERT_EQ(0, p.second);}
call    0 returned 100%
branch  1 taken 100% (fallthrough)
branch  2 taken 0% (throw)
call    3 returned 100%
branch  4 taken 0% (fallthrough)
branch  5 taken 100%
call    6 never executed
branch  7 never executed
branch  8 never executed
call    9 never executed
branch 10 never executed
branch 11 never executed
call   12 never executed
branch 13 never executed
branch 14 never executed
call   15 never executed
branch 16 never executed
branch 17 never executed
call   18 never executed
call   19 never executed
call   20 returned 100%
branch 21 taken 100%
branch 22 taken 0%
call   23 returned 100%
branch 24 taken 100%
branch 25 taken 0%
call   26 never executed
call   27 never executed
call   28 never executed
call   29 never executed
call   30 never executed
        -:   47:
function _ZN34CollatzFixture_read_backwards_TestD0Ev called 1 returned 100% blocks executed 100%
function _ZN34CollatzFixture_read_backwards_TestD2Ev called 1 returned 100% blocks executed 75%
function _ZN34CollatzFixture_read_backwards_Test8TestBodyEv called 1 returned 100% blocks executed 40%
function _ZN34CollatzFixture_read_backwards_TestC2Ev called 1 returned 100% blocks executed 100%
        5:   48:TEST(CollatzFixture, read_backwards) {
call    0 returned 100%
call    1 returned 100%
call    2 returned 100%
call    3 returned 100%
call    4 returned 100%
call    5 returned 100%
call    6 returned 100%
branch  7 taken 0% (fallthrough)
branch  8 taken 100%
call    9 never executed
call   10 returned 100%
        1:   49:    string s("10 1\n");
call    0 returned 100%
call    1 returned 100%
branch  2 taken 100% (fallthrough)
branch  3 taken 0% (throw)
call    4 returned 100%
        1:   50:    const pair<int, int> p = collatz_read(s);
call    0 returned 100%
branch  1 taken 100% (fallthrough)
branch  2 taken 0% (throw)
        1:   51:    ASSERT_EQ( 10, p.first);
call    0 returned 100%
branch  1 taken 100% (fallthrough)
branch  2 taken 0% (throw)
call    3 returned 100%
branch  4 taken 0% (fallthrough)
branch  5 taken 100%
call    6 never executed
branch  7 never executed
branch  8 never executed
call    9 never executed
branch 10 never executed
branch 11 never executed
call   12 never executed
branch 13 never executed
branch 14 never executed
call   15 never executed
branch 16 never executed
branch 17 never executed
call   18 never executed
call   19 never executed
call   20 returned 100%
branch 21 taken 100%
branch 22 taken 0%
call   23 never executed
call   24 never executed
call   25 never executed
        1:   52:    ASSERT_EQ(1, p.second);}
call    0 returned 100%
branch  1 taken 100% (fallthrough)
branch  2 taken 0% (throw)
call    3 returned 100%
branch  4 taken 0% (fallthrough)
branch  5 taken 100%
call    6 never executed
branch  7 never executed
branch  8 never executed
call    9 never executed
branch 10 never executed
branch 11 never executed
call   12 never executed
branch 13 never executed
branch 14 never executed
call   15 never executed
branch 16 never executed
branch 17 never executed
call   18 never executed
call   19 never executed
call   20 returned 100%
branch 21 taken 100%
branch 22 taken 0%
call   23 returned 100%
branch 24 taken 100%
branch 25 taken 0%
call   26 never executed
call   27 never executed
call   28 never executed
call   29 never executed
call   30 never executed
        -:   53:
        -:   54:// ----
        -:   55:// eval
        -:   56:// ----
        -:   57:
function _ZN35CollatzFixture_eval_zero_range_TestD0Ev called 1 returned 100% blocks executed 100%
function _ZN35CollatzFixture_eval_zero_range_TestD2Ev called 1 returned 100% blocks executed 75%
function _ZN35CollatzFixture_eval_zero_range_Test8TestBodyEv called 1 returned 100% blocks executed 41%
function _ZN35CollatzFixture_eval_zero_range_TestC2Ev called 1 returned 100% blocks executed 100%
        5:   58:TEST(CollatzFixture, eval_zero_range) {
call    0 returned 100%
call    1 returned 100%
call    2 returned 100%
call    3 returned 100%
call    4 returned 100%
call    5 returned 100%
call    6 returned 100%
branch  7 taken 0% (fallthrough)
branch  8 taken 100%
call    9 never executed
call   10 returned 100%
        1:   59:    const int v = collatz_eval(5, 5);
call    0 returned 100%
branch  1 taken 100% (fallthrough)
branch  2 taken 0% (throw)
        1:   60:    ASSERT_EQ(6, v);}
call    0 returned 100%
branch  1 taken 100% (fallthrough)
branch  2 taken 0% (throw)
call    3 returned 100%
branch  4 taken 0% (fallthrough)
branch  5 taken 100%
call    6 never executed
branch  7 never executed
branch  8 never executed
call    9 never executed
branch 10 never executed
branch 11 never executed
call   12 never executed
branch 13 never executed
branch 14 never executed
call   15 never executed
branch 16 never executed
branch 17 never executed
call   18 never executed
call   19 never executed
call   20 returned 100%
branch 21 taken 100%
branch 22 taken 0%
call   23 never executed
call   24 never executed
call   25 never executed
        -:   61:
function _ZN36CollatzFixture_eval_cache_for_3_TestD0Ev called 1 returned 100% blocks executed 100%
function _ZN36CollatzFixture_eval_cache_for_3_TestD2Ev called 1 returned 100% blocks executed 75%
function _ZN36CollatzFixture_eval_cache_for_3_Test8TestBodyEv called 1 returned 100% blocks executed 41%
function _ZN36CollatzFixture_eval_cache_for_3_TestC2Ev called 1 returned 100% blocks executed 100%
        5:   62:TEST(CollatzFixture, eval_cache_for_3) {
call    0 returned 100%
call    1 returned 100%
call    2 returned 100%
call    3 returned 100%
call    4 returned 100%
call    5 returned 100%
call    6 returned 100%
branch  7 taken 0% (fallthrough)
branch  8 taken 100%
call    9 never executed
call   10 returned 100%
        1:   63:    const int v = collatz_eval(3, 3);
call    0 returned 100%
branch  1 taken 100% (fallthrough)
branch  2 taken 0% (throw)
        1:   64:    ASSERT_EQ(8, v);}
call    0 returned 100%
branch  1 taken 100% (fallthrough)
branch  2 taken 0% (throw)
call    3 returned 100%
branch  4 taken 0% (fallthrough)
branch  5 taken 100%
call    6 never executed
branch  7 never executed
branch  8 never executed
call    9 never executed
branch 10 never executed
branch 11 never executed
call   12 never executed
branch 13 never executed
branch 14 never executed
call   15 never executed
branch 16 never executed
branch 17 never executed
call   18 never executed
call   19 never executed
call   20 returned 100%
branch 21 taken 100%
branch 22 taken 0%
call   23 never executed
call   24 never executed
call   25 never executed
        -:   65:
function _ZN26CollatzFixture_eval_1_TestD0Ev called 1 returned 100% blocks executed 100%
function _ZN26CollatzFixture_eval_1_TestD2Ev called 1 returned 100% blocks executed 75%
function _ZN26CollatzFixture_eval_1_Test8TestBodyEv called 1 returned 100% blocks executed 41%
function _ZN26CollatzFixture_eval_1_TestC2Ev called 1 returned 100% blocks executed 100%
        5:   66:TEST(CollatzFixture, eval_1) {
call    0 returned 100%
call    1 returned 100%
call    2 returned 100%
call    3 returned 100%
call    4 returned 100%
call    5 returned 100%
call    6 returned 100%
branch  7 taken 0% (fallthrough)
branch  8 taken 100%
call    9 never executed
call   10 returned 100%
        1:   67:    const int v = collatz_eval(1, 10);
call    0 returned 100%
branch  1 taken 100% (fallthrough)
branch  2 taken 0% (throw)
        1:   68:    ASSERT_EQ(20, v);}
call    0 returned 100%
branch  1 taken 100% (fallthrough)
branch  2 taken 0% (throw)
call    3 returned 100%
branch  4 taken 0% (fallthrough)
branch  5 taken 100%
call    6 never executed
branch  7 never executed
branch  8 never executed
call    9 never executed
branch 10 never executed
branch 11 never executed
call   12 never executed
branch 13 never executed
branch 14 never executed
call   15 never executed
branch 16 never executed
branch 17 never executed
call   18 never executed
call   19 never executed
call   20 returned 100%
branch 21 taken 100%
branch 22 taken 0%
call   23 never executed
call   24 never executed
call   25 never executed
        -:   69:
function _ZN26CollatzFixture_eval_2_TestD0Ev called 1 returned 100% blocks executed 100%
function _ZN26CollatzFixture_eval_2_TestD2Ev called 1 returned 100% blocks executed 75%
function _ZN26CollatzFixture_eval_2_Test8TestBodyEv called 1 returned 100% blocks executed 41%
function _ZN26CollatzFixture_eval_2_TestC2Ev called 1 returned 100% blocks executed 100%
        5:   70:TEST(CollatzFixture, eval_2) {
call    0 returned 100%
call    1 returned 100%
call    2 returned 100%
call    3 returned 100%
call    4 returned 100%
call    5 returned 100%
call    6 returned 100%
branch  7 taken 0% (fallthrough)
branch  8 taken 100%
call    9 never executed
call   10 returned 100%
        1:   71:    const int v = collatz_eval(100, 200);
call    0 returned 100%
branch  1 taken 100% (fallthrough)
branch  2 taken 0% (throw)
        1:   72:    ASSERT_EQ(125, v);}
call    0 returned 100%
branch  1 taken 100% (fallthrough)
branch  2 taken 0% (throw)
call    3 returned 100%
branch  4 taken 0% (fallthrough)
branch  5 taken 100%
call    6 never executed
branch  7 never executed
branch  8 never executed
call    9 never executed
branch 10 never executed
branch 11 never executed
call   12 never executed
branch 13 never executed
branch 14 never executed
call   15 never executed
branch 16 never executed
branch 17 never executed
call   18 never executed
call   19 never executed
call   20 returned 100%
branch 21 taken 100%
branch 22 taken 0%
call   23 never executed
call   24 never executed
call   25 never executed
        -:   73:
function _ZN26CollatzFixture_eval_3_TestD0Ev called 1 returned 100% blocks executed 100%
function _ZN26CollatzFixture_eval_3_TestD2Ev called 1 returned 100% blocks executed 75%
function _ZN26CollatzFixture_eval_3_Test8TestBodyEv called 1 returned 100% blocks executed 41%
function _ZN26CollatzFixture_eval_3_TestC2Ev called 1 returned 100% blocks executed 100%
        5:   74:TEST(CollatzFixture, eval_3) {
call    0 returned 100%
call    1 returned 100%
call    2 returned 100%
call    3 returned 100%
call    4 returned 100%
call    5 returned 100%
call    6 returned 100%
branch  7 taken 0% (fallthrough)
branch  8 taken 100%
call    9 never executed
call   10 returned 100%
        1:   75:    const int v = collatz_eval(201, 210);
call    0 returned 100%
branch  1 taken 100% (fallthrough)
branch  2 taken 0% (throw)
        1:   76:    ASSERT_EQ(89, v);}
call    0 returned 100%
branch  1 taken 100% (fallthrough)
branch  2 taken 0% (throw)
call    3 returned 100%
branch  4 taken 0% (fallthrough)
branch  5 taken 100%
call    6 never executed
branch  7 never executed
branch  8 never executed
call    9 never executed
branch 10 never executed
branch 11 never executed
call   12 never executed
branch 13 never executed
branch 14 never executed
call   15 never executed
branch 16 never executed
branch 17 never executed
call   18 never executed
call   19 never executed
call   20 returned 100%
branch 21 taken 100%
branch 22 taken 0%
call   23 never executed
call   24 never executed
call   25 never executed
        -:   77:
function _ZN26CollatzFixture_eval_4_TestD0Ev called 1 returned 100% blocks executed 100%
function _ZN26CollatzFixture_eval_4_TestD2Ev called 1 returned 100% blocks executed 75%
function _ZN26CollatzFixture_eval_4_Test8TestBodyEv called 1 returned 100% blocks executed 41%
function _ZN26CollatzFixture_eval_4_TestC2Ev called 1 returned 100% blocks executed 100%
        5:   78:TEST(CollatzFixture, eval_4) {
call    0 returned 100%
call    1 returned 100%
call    2 returned 100%
call    3 returned 100%
call    4 returned 100%
call    5 returned 100%
call    6 returned 100%
branch  7 taken 0% (fallthrough)
branch  8 taken 100%
call    9 never executed
call   10 returned 100%
        1:   79:    const int v = collatz_eval(900, 1000);
call    0 returned 100%
branch  1 taken 100% (fallthrough)
branch  2 taken 0% (throw)
        1:   80:    ASSERT_EQ(174, v);}
call    0 returned 100%
branch  1 taken 100% (fallthrough)
branch  2 taken 0% (throw)
call    3 returned 100%
branch  4 taken 0% (fallthrough)
branch  5 taken 100%
call    6 never executed
branch  7 never executed
branch  8 never executed
call    9 never executed
branch 10 never executed
branch 11 never executed
call   12 never executed
branch 13 never executed
branch 14 never executed
call   15 never executed
branch 16 never executed
branch 17 never executed
call   18 never executed
call   19 never executed
call   20 returned 100%
branch 21 taken 100%
branch 22 taken 0%
call   23 never executed
call   24 never executed
call   25 never executed
        -:   81:
function _ZN35CollatzFixture_eval_1_backward_TestD0Ev called 1 returned 100% blocks executed 100%
function _ZN35CollatzFixture_eval_1_backward_TestD2Ev called 1 returned 100% blocks executed 75%
function _ZN35CollatzFixture_eval_1_backward_Test8TestBodyEv called 1 returned 100% blocks executed 41%
function _ZN35CollatzFixture_eval_1_backward_TestC2Ev called 1 returned 100% blocks executed 100%
        5:   82:TEST(CollatzFixture, eval_1_backward) {
call    0 returned 100%
call    1 returned 100%
call    2 returned 100%
call    3 returned 100%
call    4 returned 100%
call    5 returned 100%
call    6 returned 100%
branch  7 taken 0% (fallthrough)
branch  8 taken 100%
call    9 never executed
call   10 returned 100%
        1:   83:    const int v = collatz_eval(10, 1);
call    0 returned 100%
branch  1 taken 100% (fallthrough)
branch  2 taken 0% (throw)
        1:   84:    ASSERT_EQ(20, v);}
call    0 returned 100%
branch  1 taken 100% (fallthrough)
branch  2 taken 0% (throw)
call    3 returned 100%
branch  4 taken 0% (fallthrough)
branch  5 taken 100%
call    6 never executed
branch  7 never executed
branch  8 never executed
call    9 never executed
branch 10 never executed
branch 11 never executed
call   12 never executed
branch 13 never executed
branch 14 never executed
call   15 never executed
branch 16 never executed
branch 17 never executed
call   18 never executed
call   19 never executed
call   20 returned 100%
branch 21 taken 100%
branch 22 taken 0%
call   23 never executed
call   24 never executed
call   25 never executed
        -:   85:
        -:   86:// -----
        -:   87:// print
        -:   88:// -----
        -:   89:
function _ZN25CollatzFixture_print_TestD0Ev called 1 returned 100% blocks executed 100%
function _ZN25CollatzFixture_print_TestD2Ev called 1 returned 100% blocks executed 75%
function _ZN25CollatzFixture_print_Test8TestBodyEv called 1 returned 100% blocks executed 47%
function _ZN25CollatzFixture_print_TestC2Ev called 1 returned 100% blocks executed 100%
        5:   90:TEST(CollatzFixture, print) {
call    0 returned 100%
call    1 returned 100%
call    2 returned 100%
call    3 returned 100%
call    4 returned 100%
call    5 returned 100%
call    6 returned 100%
branch  7 taken 0% (fallthrough)
branch  8 taken 100%
call    9 never executed
call   10 returned 100%
        1:   91:    ostringstream w;
call    0 returned 100%
branch  1 taken 100% (fallthrough)
branch  2 taken 0% (throw)
        1:   92:    collatz_print(w, 1, 10, 20);
call    0 returned 100%
branch  1 taken 100% (fallthrough)
branch  2 taken 0% (throw)
        1:   93:    ASSERT_EQ("1 10 20\n", w.str());}
call    0 returned 100%
branch  1 taken 100% (fallthrough)
branch  2 taken 0% (throw)
call    3 returned 100%
branch  4 taken 100% (fallthrough)
branch  5 taken 0% (throw)
call    6 returned 100%
call    7 returned 100%
branch  8 taken 0% (fallthrough)
branch  9 taken 100%
call   10 never executed
branch 11 never executed
branch 12 never executed
call   13 never executed
branch 14 never executed
branch 15 never executed
call   16 never executed
branch 17 never executed
branch 18 never executed
call   19 never executed
branch 20 never executed
branch 21 never executed
call   22 never executed
call   23 never executed
call   24 returned 100%
branch 25 taken 100%
branch 26 taken 0%
call   27 returned 100%
branch 28 taken 100%
branch 29 taken 0%
call   30 never executed
call   31 never executed
call   32 never executed
call   33 never executed
call   34 never executed
        -:   94:
function _ZN31CollatzFixture_print_zeros_TestD0Ev called 1 returned 100% blocks executed 100%
function _ZN31CollatzFixture_print_zeros_TestD2Ev called 1 returned 100% blocks executed 75%
function _ZN31CollatzFixture_print_zeros_Test8TestBodyEv called 1 returned 100% blocks executed 47%
function _ZN31CollatzFixture_print_zeros_TestC2Ev called 1 returned 100% blocks executed 100%
        5:   95:TEST(CollatzFixture, print_zeros) {
call    0 returned 100%
call    1 returned 100%
call    2 returned 100%
call    3 returned 100%
call    4 returned 100%
call    5 returned 100%
call    6 returned 100%
branch  7 taken 0% (fallthrough)
branch  8 taken 100%
call    9 never executed
call   10 returned 100%
        1:   96:    ostringstream w;
call    0 returned 100%
branch  1 taken 100% (fallthrough)
branch  2 taken 0% (throw)
        1:   97:    collatz_print(w, 0, 0, 0);
call    0 returned 100%
branch  1 taken 100% (fallthrough)
branch  2 taken 0% (throw)
        1:   98:    ASSERT_EQ("0 0 0\n", w.str());}
call    0 returned 100%
branch  1 taken 100% (fallthrough)
branch  2 taken 0% (throw)
call    3 returned 100%
branch  4 taken 100% (fallthrough)
branch  5 taken 0% (throw)
call    6 returned 100%
call    7 returned 100%
branch  8 taken 0% (fallthrough)
branch  9 taken 100%
call   10 never executed
branch 11 never executed
branch 12 never executed
call   13 never executed
branch 14 never executed
branch 15 never executed
call   16 never executed
branch 17 never executed
branch 18 never executed
call   19 never executed
branch 20 never executed
branch 21 never executed
call   22 never executed
call   23 never executed
call   24 returned 100%
branch 25 taken 100%
branch 26 taken 0%
call   27 returned 100%
branch 28 taken 100%
branch 29 taken 0%
call   30 never executed
call   31 never executed
call   32 never executed
call   33 never executed
call   34 never executed
        -:   99:
        -:  100:// -----
        -:  101:// solve
        -:  102:// -----
        -:  103:
function _ZN34CollatzFixture_solve_all_ones_TestD0Ev called 1 returned 100% blocks executed 100%
function _ZN34CollatzFixture_solve_all_ones_TestD2Ev called 1 returned 100% blocks executed 75%
function _ZN34CollatzFixture_solve_all_ones_Test8TestBodyEv called 1 returned 100% blocks executed 50%
function _ZN34CollatzFixture_solve_all_ones_TestC2Ev called 1 returned 100% blocks executed 100%
        5:  104:TEST(CollatzFixture, solve_all_ones) {
call    0 returned 100%
call    1 returned 100%
call    2 returned 100%
call    3 returned 100%
call    4 returned 100%
call    5 returned 100%
call    6 returned 100%
branch  7 taken 0% (fallthrough)
branch  8 taken 100%
call    9 never executed
call   10 returned 100%
        1:  105:    istringstream r("5 5\n3 3\n1 1\n");
call    0 returned 100%
call    1 returned 100%
branch  2 taken 100% (fallthrough)
branch  3 taken 0% (throw)
call    4 returned 100%
branch  5 taken 100% (fallthrough)
branch  6 taken 0% (throw)
call    7 returned 100%
call    8 returned 100%
call    9 never executed
call   10 never executed
        2:  106:    ostringstream w;
call    0 returned 100%
branch  1 taken 100% (fallthrough)
branch  2 taken 0% (throw)
call    3 returned 100%
branch  4 taken 100%
branch  5 taken 0%
call    6 never executed
        1:  107:    collatz_solve(r, w);
call    0 returned 100%
branch  1 taken 100% (fallthrough)
branch  2 taken 0% (throw)
        2:  108:    ASSERT_EQ("5 5 6\n3 3 8\n1 1 1\n", w.str());}
call    0 returned 100%
branch  1 taken 100% (fallthrough)
branch  2 taken 0% (throw)
call    3 returned 100%
branch  4 taken 100% (fallthrough)
branch  5 taken 0% (throw)
call    6 returned 100%
call    7 returned 100%
branch  8 taken 0% (fallthrough)
branch  9 taken 100%
call   10 never executed
branch 11 never executed
branch 12 never executed
call   13 never executed
branch 14 never executed
branch 15 never executed
call   16 never executed
branch 17 never executed
branch 18 never executed
call   19 never executed
branch 20 never executed
branch 21 never executed
call   22 never executed
call   23 never executed
call   24 returned 100%
branch 25 taken 100%
branch 26 taken 0%
call   27 returned 100%
branch 28 taken 100%
branch 29 taken 0%
call   30 never executed
call   31 never executed
call   32 never executed
call   33 never executed
call   34 never executed
        -:  109:
function _ZN25CollatzFixture_solve_TestD0Ev called 1 returned 100% blocks executed 100%
function _ZN25CollatzFixture_solve_TestD2Ev called 1 returned 100% blocks executed 75%
function _ZN25CollatzFixture_solve_Test8TestBodyEv called 1 returned 100% blocks executed 50%
function _ZN25CollatzFixture_solve_TestC2Ev called 1 returned 100% blocks executed 100%
        5:  110:TEST(CollatzFixture, solve) {
call    0 returned 100%
call    1 returned 100%
call    2 returned 100%
call    3 returned 100%
call    4 returned 100%
call    5 returned 100%
call    6 returned 100%
branch  7 taken 0% (fallthrough)
branch  8 taken 100%
call    9 never executed
call   10 returned 100%
        1:  111:    istringstream r("1 10\n1 10\n100 200\n201 210\n900 1000\n");
call    0 returned 100%
call    1 returned 100%
branch  2 taken 100% (fallthrough)
branch  3 taken 0% (throw)
call    4 returned 100%
branch  5 taken 100% (fallthrough)
branch  6 taken 0% (throw)
call    7 returned 100%
call    8 returned 100%
call    9 never executed
call   10 never executed
        2:  112:    ostringstream w;
call    0 returned 100%
branch  1 taken 100% (fallthrough)
branch  2 taken 0% (throw)
call    3 returned 100%
branch  4 taken 100%
branch  5 taken 0%
call    6 never executed
        1:  113:    collatz_solve(r, w);
call    0 returned 100%
branch  1 taken 100% (fallthrough)
branch  2 taken 0% (throw)
        2:  114:    ASSERT_EQ("1 10 20\n1 10 20\n100 200 125\n201 210 89\n900 1000 174\n", w.str());}
call    0 returned 100%
branch  1 taken 100% (fallthrough)
branch  2 taken 0% (throw)
call    3 returned 100%
branch  4 taken 100% (fallthrough)
branch  5 taken 0% (throw)
call    6 returned 100%
call    7 returned 100%
branch  8 taken 0% (fallthrough)
branch  9 taken 100%
call   10 never executed
branch 11 never executed
branch 12 never executed
call   13 never executed
branch 14 never executed
branch 15 never executed
call   16 never executed
branch 17 never executed
branch 18 never executed
call   19 never executed
branch 20 never executed
branch 21 never executed
call   22 never executed
call   23 never executed
call   24 returned 100%
branch 25 taken 100%
branch 26 taken 0%
call   27 returned 100%
branch 28 taken 100%
branch 29 taken 0%
call   30 never executed
call   31 never executed
call   32 never executed
call   33 never executed
call   34 never executed
        -:  115:
function _ZN35CollatzFixture_solve_backwards_TestD0Ev called 1 returned 100% blocks executed 100%
function _ZN35CollatzFixture_solve_backwards_TestD2Ev called 1 returned 100% blocks executed 75%
function _ZN35CollatzFixture_solve_backwards_Test8TestBodyEv called 1 returned 100% blocks executed 50%
function _ZN35CollatzFixture_solve_backwards_TestC2Ev called 1 returned 100% blocks executed 100%
        5:  116:TEST(CollatzFixture, solve_backwards) {
call    0 returned 100%
call    1 returned 100%
call    2 returned 100%
call    3 returned 100%
call    4 returned 100%
call    5 returned 100%
call    6 returned 100%
branch  7 taken 0% (fallthrough)
branch  8 taken 100%
call    9 never executed
call   10 returned 100%
        1:  117:    istringstream r("10 1\n200 100\n210 201\n1000 900\n");
call    0 returned 100%
call    1 returned 100%
branch  2 taken 100% (fallthrough)
branch  3 taken 0% (throw)
call    4 returned 100%
branch  5 taken 100% (fallthrough)
branch  6 taken 0% (throw)
call    7 returned 100%
call    8 returned 100%
call    9 never executed
call   10 never executed
        2:  118:    ostringstream w;
call    0 returned 100%
branch  1 taken 100% (fallthrough)
branch  2 taken 0% (throw)
call    3 returned 100%
branch  4 taken 100%
branch  5 taken 0%
call    6 never executed
        1:  119:    collatz_solve(r, w);
call    0 returned 100%
branch  1 taken 100% (fallthrough)
branch  2 taken 0% (throw)
        2:  120:    ASSERT_EQ("10 1 20\n200 100 125\n210 201 89\n1000 900 174\n", w.str());}
call    0 returned 100%
branch  1 taken 100% (fallthrough)
branch  2 taken 0% (throw)
call    3 returned 100%
branch  4 taken 100% (fallthrough)
branch  5 taken 0% (throw)
call    6 returned 100%
call    7 returned 100%
branch  8 taken 0% (fallthrough)
branch  9 taken 100%
call   10 never executed
branch 11 never executed
branch 12 never executed
call   13 never executed
branch 14 never executed
branch 15 never executed
call   16 never executed
branch 17 never executed
branch 18 never executed
call   19 never executed
branch 20 never executed
branch 21 never executed
call   22 never executed
call   23 never executed
call   24 returned 100%
branch 25 taken 100%
branch 26 taken 0%
call   27 returned 100%
branch 28 taken 100%
branch 29 taken 0%
call   30 never executed
call   31 never executed
call   32 never executed
call   33 never executed
call   34 never executed
        -:  121:
function _ZN35CollatzFixture_solve_large_gap_TestD0Ev called 1 returned 100% blocks executed 100%
function _ZN35CollatzFixture_solve_large_gap_TestD2Ev called 1 returned 100% blocks executed 75%
function _ZN35CollatzFixture_solve_large_gap_Test8TestBodyEv called 1 returned 100% blocks executed 50%
function _ZN35CollatzFixture_solve_large_gap_TestC2Ev called 1 returned 100% blocks executed 100%
        5:  122:TEST(CollatzFixture, solve_large_gap) {
call    0 returned 100%
call    1 returned 100%
call    2 returned 100%
call    3 returned 100%
call    4 returned 100%
call    5 returned 100%
call    6 returned 100%
branch  7 taken 0% (fallthrough)
branch  8 taken 100%
call    9 never executed
call   10 returned 100%
        1:  123:    istringstream r("162 1000\n162 5000\n");
call    0 returned 100%
call    1 returned 100%
branch  2 taken 100% (fallthrough)
branch  3 taken 0% (throw)
call    4 returned 100%
branch  5 taken 100% (fallthrough)
branch  6 taken 0% (throw)
call    7 returned 100%
call    8 returned 100%
call    9 never executed
call   10 never executed
        2:  124:    ostringstream w;
call    0 returned 100%
branch  1 taken 100% (fallthrough)
branch  2 taken 0% (throw)
call    3 returned 100%
branch  4 taken 100%
branch  5 taken 0%
call    6 never executed
        1:  125:    collatz_solve(r, w);
call    0 returned 100%
branch  1 taken 100% (fallthrough)
branch  2 taken 0% (throw)
function _GLOBAL__sub_I__ZN28CollatzFixture_c_length_Test10test_info_E called 1 returned 100% blocks executed 100%
function _Z41__static_initialization_and_destruction_0ii called 1 returned 100% blocks executed 100%
        5:  126:    ASSERT_EQ("162 1000 179\n162 5000 238\n", w.str());}
call    0 returned 100%
branch  1 taken 100% (fallthrough)
branch  2 taken 0%
branch  3 taken 100% (fallthrough)
branch  4 taken 0%
call    5 returned 100%
branch  6 taken 100% (fallthrough)
branch  7 taken 0% (throw)
call    8 returned 100%
branch  9 taken 100% (fallthrough)
branch 10 taken 0% (throw)
call   11 returned 100%
call   12 returned 100%
branch 13 taken 0% (fallthrough)
branch 14 taken 100%
call   15 never executed
branch 16 never executed
branch 17 never executed
call   18 never executed
branch 19 never executed
branch 20 never executed
call   21 never executed
branch 22 never executed
branch 23 never executed
call   24 never executed
branch 25 never executed
branch 26 never executed
call   27 never executed
call   28 never executed
call   29 returned 100%
branch 30 taken 100%
branch 31 taken 0%
call   32 returned 100%
branch 33 taken 100%
branch 34 taken 0%
call   35 never executed
call   36 never executed
call   37 never executed
call   38 never executed
call   39 never executed
        -:  127:
        -:  128:/*
        -:  129:% g++ -fprofile-arcs -ftest-coverage -pedantic -std=c++11 -Wall Collatz.c++ TestCollatz.c++ -o TestCollatz -lgtest -lgtest_main -lpthread
        -:  130:
        -:  131:
        -:  132:
        -:  133:% valgrind TestCollatz                                         >  TestCollatz.out 2>&1
        -:  134:% gcov -b Collatz.c++     | grep -A 5 "File 'Collatz.c++'"     >> TestCollatz.out
        -:  135:% gcov -b TestCollatz.c++ | grep -A 5 "File 'TestCollatz.c++'" >> TestCollatz.out
        -:  136:
        -:  137:
        -:  138:
        -:  139:% cat TestCollatz.out
        -:  140:==14225== Memcheck, a memory error detector
        -:  141:==14225== Copyright (C) 2002-2011, and GNU GPL'd, by Julian Seward et al.
        -:  142:==14225== Using Valgrind-3.7.0 and LibVEX; rerun with -h for copyright info
        -:  143:==14225== Command: TestCollatz
        -:  144:==14225==
        -:  145:Running main() from gtest_main.cc
        -:  146:[==========] Running 7 tests from 1 test case.
        -:  147:[----------] Global test environment set-up.
        -:  148:[----------] 7 tests from Collatz
        -:  149:[ RUN      ] Collatz.read
        -:  150:[       OK ] Collatz.read (31 ms)
        -:  151:[ RUN      ] Collatz.eval_1
        -:  152:[       OK ] Collatz.eval_1 (5 ms)
        -:  153:[ RUN      ] Collatz.eval_2
        -:  154:[       OK ] Collatz.eval_2 (3 ms)
        -:  155:[ RUN      ] Collatz.eval_3
        -:  156:[       OK ] Collatz.eval_3 (3 ms)
        -:  157:[ RUN      ] Collatz.eval_4
        -:  158:[       OK ] Collatz.eval_4 (3 ms)
        -:  159:[ RUN      ] Collatz.print
        -:  160:[       OK ] Collatz.print (17 ms)
        -:  161:[ RUN      ] Collatz.solve
        -:  162:[       OK ] Collatz.solve (10 ms)
        -:  163:[----------] 7 tests from Collatz (88 ms total)
        -:  164:
        -:  165:[----------] Global test environment tear-down
        -:  166:[==========] 7 tests from 1 test case ran. (132 ms total)
        -:  167:[  PASSED  ] 7 tests.
        -:  168:==14225==
        -:  169:==14225== HEAP SUMMARY:
        -:  170:==14225==     in use at exit: 0 bytes in 0 blocks
        -:  171:==14225==   total heap usage: 495 allocs, 495 frees, 70,302 bytes allocated
        -:  172:==14225==
        -:  173:==14225== All heap blocks were freed -- no leaks are possible
        -:  174:==14225==
        -:  175:==14225== For counts of detected and suppressed errors, rerun with: -v
        -:  176:==14225== ERROR SUMMARY: 0 errors from 0 contexts (suppressed: 2 from 2)
        -:  177:File 'Collatz.c++'
        -:  178:Lines executed:100.00% of 17
        -:  179:Branches executed:100.00% of 18
        -:  180:Taken at least once:61.11% of 18
        -:  181:Calls executed:89.47% of 19
        -:  182:Creating 'Collatz.c++.gcov'
        -:  183:File 'TestCollatz.c++'
        -:  184:Lines executed:100.00% of 26
        -:  185:Branches executed:57.14% of 224
        -:  186:Taken at least once:28.57% of 224
        -:  187:Calls executed:54.07% of 209
        -:  188:Creating 'TestCollatz.c++.gcov'
        -:  189:*/
